#
# A fatal error has been detected by the Java Runtime Environment:
#
#  Internal Error (safepoint.cpp:716), pid=6757, tid=0x000000000000990f
#  fatal error: Illegal threadstate encountered: 4
#
# JRE version: Java(TM) SE Runtime Environment (8.0_301-b09) (build 1.8.0_301-b09)
# Java VM: Java HotSpot(TM) 64-Bit Server VM (25.301-b09 mixed mode bsd-amd64 compressed oops)
# Failed to write core dump. Core dumps have been disabled. To enable core dumping, try "ulimit -c unlimited" before starting Java again
#
# If you would like to submit a bug report, please visit:
#   http://bugreport.java.com/bugreport/crash.jsp
# The crash happened outside the Java Virtual Machine in native code.
# See problematic frame for where to report the bug.
#

---------------  T H R E A D  ---------------

Current thread (0x00007f9e930ef000):  JavaThread "Thread-1" daemon [_thread_in_native, id=39183, stack(0x00007000085cc000,0x00007000086cc000)]

Stack: [0x00007000085cc000,0x00007000086cc000],  sp=0x00007000086caec0,  free space=1019k
Native frames: (J=compiled Java code, j=interpreted, Vv=VM code, C=native code)
V  [libjvm.dylib+0x59b49f]
V  [libjvm.dylib+0x1d377f]
V  [libjvm.dylib+0x4e7817]
V  [libjvm.dylib+0x561d2f]
V  [libjvm.dylib+0x2fd88e]
C  [libglass.dylib+0x8868]  -[GlassRunnable dealloc]+0x28
C  [Foundation+0x80e9b]  -[_NSThreadPerformInfo dealloc]+0x2a
C  [Foundation+0x4dcc7]  -[NSObject(NSThreadPerformAdditions) performSelectorOnMainThread:withObject:waitUntilDone:]+0x7c
j  com.sun.glass.ui.mac.MacApplication._submitForLaterInvocation(Ljava/lang/Runnable;)V+0
J 6174 C1 com.sun.glass.ui.mac.MacApplication.submitForLaterInvocation(Ljava/lang/Runnable;)V (6 bytes) @ 0x000000010fda34d4 [0x000000010fda3440+0x94]
j  com.sun.glass.ui.InvokeLaterDispatcher.run()V+82
v  ~StubRoutines::call_stub
V  [libjvm.dylib+0x2d63b3]
V  [libjvm.dylib+0x2d5216]
V  [libjvm.dylib+0x2d53f7]
V  [libjvm.dylib+0x3426e9]
V  [libjvm.dylib+0x56057a]
V  [libjvm.dylib+0x56043f]
V  [libjvm.dylib+0x48d62b]
C  [libsystem_pthread.dylib+0x64f4]  _pthread_start+0x7d
C  [libsystem_pthread.dylib+0x200f]  thread_start+0xf
C  0x0000000000000000

Java frames: (J=compiled Java code, j=interpreted, Vv=VM code)
j  com.sun.glass.ui.mac.MacApplication._submitForLaterInvocation(Ljava/lang/Runnable;)V+0
J 6174 C1 com.sun.glass.ui.mac.MacApplication.submitForLaterInvocation(Ljava/lang/Runnable;)V (6 bytes) @ 0x000000010fda34d4 [0x000000010fda3440+0x94]
j  com.sun.glass.ui.InvokeLaterDispatcher.run()V+82
v  ~StubRoutines::call_stub

---------------  P R O C E S S  ---------------

Java Threads: ( => current thread )
  0x00007f9e92918000 JavaThread "pool-2-thread-1" [_thread_blocked, id=70203, stack(0x0000700008c64000,0x0000700008d64000)]
  0x00007f9e9d0b1800 JavaThread "update" [_thread_blocked, id=66055, stack(0x0000700008b61000,0x0000700008c61000)]
  0x00007f9e9fe44000 JavaThread "runSimulation" [_thread_in_Java, id=66355, stack(0x00007000086cf000,0x00007000087cf000)]
  0x00007f9e92919000 JavaThread "PulseTimer-CVDisplayLink thread" daemon [_thread_blocked, id=54183, stack(0x00007000079a5000,0x0000700007a25000)]
  0x00007f9e92999000 JavaThread "Prism Font Disposer" daemon [_thread_blocked, id=52915, stack(0x00007000089db000,0x0000700008adb000)]
  0x00007f9e92034800 JavaThread "JavaFX-Launcher" [_thread_blocked, id=79363, stack(0x00007000088d8000,0x00007000089d8000)]
  0x00007f9e949b9000 JavaThread "JavaFX Application Thread" [_thread_in_native, id=259, stack(0x00007ff7b2579000,0x00007ff7b2d79000)]
=>0x00007f9e930ef000 JavaThread "Thread-1" daemon [_thread_in_native, id=39183, stack(0x00007000085cc000,0x00007000086cc000)]
  0x00007f9e9503a000 JavaThread "QuantumRenderer-0" daemon [_thread_blocked, id=43011, stack(0x00007000084c9000,0x00007000085c9000)]
  0x00007f9e93019000 JavaThread "Service Thread" daemon [_thread_blocked, id=21763, stack(0x00007000082c3000,0x00007000083c3000)]
  0x00007f9e94038000 JavaThread "C1 CompilerThread3" daemon [_thread_blocked, id=15619, stack(0x00007000081c0000,0x00007000082c0000)]
  0x00007f9e94018000 JavaThread "C2 CompilerThread2" daemon [_thread_blocked, id=16131, stack(0x00007000080bd000,0x00007000081bd000)]
  0x00007f9e9500b800 JavaThread "C2 CompilerThread1" daemon [_thread_blocked, id=16643, stack(0x0000700007fba000,0x00007000080ba000)]
  0x00007f9e948a2800 JavaThread "C2 CompilerThread0" daemon [_thread_in_native, id=16899, stack(0x0000700007eb7000,0x0000700007fb7000)]
  0x00007f9e9401a800 JavaThread "JDWP Command Reader" daemon [_thread_in_native, id=14851, stack(0x0000700007db4000,0x0000700007eb4000)]
  0x00007f9e98008800 JavaThread "JDWP Event Helper Thread" daemon [_thread_blocked, id=14595, stack(0x0000700007cb1000,0x0000700007db1000)]
  0x00007f9e95009000 JavaThread "JDWP Transport Listener: dt_socket" daemon [_thread_blocked, id=14087, stack(0x0000700007bae000,0x0000700007cae000)]
  0x00007f9e92837000 JavaThread "Signal Dispatcher" daemon [_thread_blocked, id=17923, stack(0x0000700007aab000,0x0000700007bab000)]
  0x00007f9e9300d800 JavaThread "Finalizer" daemon [_thread_blocked, id=20483, stack(0x00007000078a2000,0x00007000079a2000)]
  0x00007f9e9483a800 JavaThread "Reference Handler" daemon [_thread_blocked, id=13059, stack(0x000070000779f000,0x000070000789f000)]
  0x00007f9e9280c800 JavaThread "main" [_thread_blocked, id=4099, stack(0x0000700006d81000,0x0000700006e81000)]

Other Threads:
  0x00007f9e94016800 VMThread [stack: 0x000070000769c000,0x000070000779c000] [id=12547]
  0x00007f9e93034800 WatcherThread [stack: 0x00007000083c6000,0x00007000084c6000] [id=43267]

VM state:synchronizing (normal execution)

VM Mutex/Monitor currently owned by a thread:  ([mutex/lock_event])
[0x0000600003bf8e80] Safepoint_lock - owner thread: 0x00007f9e94016800
[0x0000600003bf8f00] Threads_lock - owner thread: 0x00007f9e94016800

heap address: 0x00000006c0000000, size: 4096 MB, Compressed Oops mode: Zero based, Oop shift amount: 3
Narrow klass base: 0x0000000000000000, Narrow klass shift: 3
Compressed class space size: 1073741824 Address: 0x00000007c0000000

Heap:
 PSYoungGen      total 263680K, used 9390K [0x000000076ab00000, 0x0000000781380000, 0x00000007c0000000)
  eden space 236032K, 3% used [0x000000076ab00000,0x000000076b3f3950,0x0000000779180000)
  from space 27648K, 0% used [0x0000000779180000,0x00000007791b8000,0x000000077ac80000)
  to   space 27648K, 0% used [0x000000077f880000,0x000000077f880000,0x0000000781380000)
 ParOldGen       total 117760K, used 46602K [0x00000006c0000000, 0x00000006c7300000, 0x000000076ab00000)
  object space 117760K, 39% used [0x00000006c0000000,0x00000006c2d82888,0x00000006c7300000)
 Metaspace       used 27015K, capacity 28805K, committed 28928K, reserved 1075200K
  class space    used 3740K, capacity 4064K, committed 4096K, reserved 1048576K

Card table byte_map: [0x000000010d7db000,0x000000010dfdc000] byte_map_base: 0x000000010a1db000

Marking Bits: (ParMarkBitMap*) 0x000000010f5a4298
 Begin Bits: [0x000000011ec86000, 0x0000000122c86000)
 End Bits:   [0x0000000122c86000, 0x0000000126c86000)

Polling page: 0x000000010d2c0000

CodeCache: size=245760Kb used=19684Kb max_used=20698Kb free=226075Kb
 bounds [0x000000010fc86000, 0x00000001110f6000, 0x000000011ec86000]
 total_blobs=6040 nmethods=5315 adapters=645
 compilation: enabled

Compilation events (10 events):
Event: 15.255 Thread 0x00007f9e9500b800 nmethod 6187 0x0000000110ce5150 code [0x0000000110ce52c0, 0x0000000110ce55d8]
Event: 15.255 Thread 0x00007f9e9500b800 6190   !   4       sun.reflect.GeneratedMethodAccessor1::invoke (65 bytes)
Event: 15.259 Thread 0x00007f9e94018000 nmethod 6182 0x000000010fe72f10 code [0x000000010fe730c0, 0x000000010fe73738]
Event: 15.261 Thread 0x00007f9e94018000 6191       4       com.sun.javafx.text.PrismTextLayout::setBoundsType (46 bytes)
Event: 15.262 Thread 0x00007f9e94018000 nmethod 6191 0x0000000110651ad0 code [0x0000000110651c20, 0x0000000110651d78]
Event: 15.262 Thread 0x00007f9e94018000 6192       4       com.sun.javafx.scene.control.skin.LabeledSkinBase::handleControlPropertyChanged (330 bytes)
Event: 15.264 Thread 0x00007f9e9500b800 nmethod 6190 0x000000010fe60e90 code [0x000000010fe61080, 0x000000010fe618c8]
Event: 15.264 Thread 0x00007f9e9500b800 6194       4       javafx.scene.layout.BorderStrokeStyle::equals (163 bytes)
Event: 15.264 Thread 0x00007f9e9500b800 nmethod 6194 0x0000000110f6a890 code [0x0000000110f6a9e0, 0x0000000110f6aa58]
Event: 15.264 Thread 0x00007f9e9500b800 6195       4       javafx.scene.control.TableCell::indexChanged (20 bytes)

GC Heap History (10 events):
Event: 14.033 GC heap before
{Heap before GC invocations=7 (full 1):
 PSYoungGen      total 95744K, used 95736K [0x000000076ab00000, 0x0000000774b80000, 0x00000007c0000000)
  eden space 84992K, 100% used [0x000000076ab00000,0x000000076fe00000,0x000000076fe00000)
  from space 10752K, 99% used [0x000000076fe00000,0x000000077087e290,0x0000000770880000)
  to   space 28672K, 0% used [0x0000000772f80000,0x0000000772f80000,0x0000000774b80000)
 ParOldGen       total 117760K, used 35158K [0x00000006c0000000, 0x00000006c7300000, 0x000000076ab00000)
  object space 117760K, 29% used [0x00000006c0000000,0x00000006c2255b18,0x00000006c7300000)
 Metaspace       used 26861K, capacity 28673K, committed 28928K, reserved 1075200K
  class space    used 3740K, capacity 4064K, committed 4096K, reserved 1048576K
Event: 14.041 GC heap after
Heap after GC invocations=7 (full 1):
 PSYoungGen      total 136704K, used 10968K [0x000000076ab00000, 0x0000000775f00000, 0x00000007c0000000)
  eden space 108032K, 0% used [0x000000076ab00000,0x000000076ab00000,0x0000000771480000)
  from space 28672K, 38% used [0x0000000772f80000,0x0000000773a36290,0x0000000774b80000)
  to   space 27648K, 0% used [0x0000000771480000,0x0000000771480000,0x0000000772f80000)
 ParOldGen       total 117760K, used 35166K [0x00000006c0000000, 0x00000006c7300000, 0x000000076ab00000)
  object space 117760K, 29% used [0x00000006c0000000,0x00000006c2257b18,0x00000006c7300000)
 Metaspace       used 26861K, capacity 28673K, committed 28928K, reserved 1075200K
  class space    used 3740K, capacity 4064K, committed 4096K, reserved 1048576K
}
Event: 14.200 GC heap before
{Heap before GC invocations=8 (full 1):
 PSYoungGen      total 136704K, used 119000K [0x000000076ab00000, 0x0000000775f00000, 0x00000007c0000000)
  eden space 108032K, 100% used [0x000000076ab00000,0x0000000771480000,0x0000000771480000)
  from space 28672K, 38% used [0x0000000772f80000,0x0000000773a36290,0x0000000774b80000)
  to   space 27648K, 0% used [0x0000000771480000,0x0000000771480000,0x0000000772f80000)
 ParOldGen       total 117760K, used 35166K [0x00000006c0000000, 0x00000006c7300000, 0x000000076ab00000)
  object space 117760K, 29% used [0x00000006c0000000,0x00000006c2257b18,0x00000006c7300000)
 Metaspace       used 26910K, capacity 28737K, committed 28928K, reserved 1075200K
  class space    used 3740K, capacity 4064K, committed 4096K, reserved 1048576K
Event: 14.210 GC heap after
Heap after GC invocations=8 (full 1):
 PSYoungGen      total 135680K, used 11544K [0x000000076ab00000, 0x0000000778800000, 0x00000007c0000000)
  eden space 108032K, 0% used [0x000000076ab00000,0x000000076ab00000,0x0000000771480000)
  from space 27648K, 41% used [0x0000000771480000,0x0000000771fc6290,0x0000000772f80000)
  to   space 26112K, 0% used [0x0000000776e80000,0x0000000776e80000,0x0000000778800000)
 ParOldGen       total 117760K, used 35174K [0x00000006c0000000, 0x00000006c7300000, 0x000000076ab00000)
  object space 117760K, 29% used [0x00000006c0000000,0x00000006c2259b18,0x00000006c7300000)
 Metaspace       used 26910K, capacity 28737K, committed 28928K, reserved 1075200K
  class space    used 3740K, capacity 4064K, committed 4096K, reserved 1048576K
}
Event: 14.369 GC heap before
{Heap before GC invocations=9 (full 1):
 PSYoungGen      total 135680K, used 119576K [0x000000076ab00000, 0x0000000778800000, 0x00000007c0000000)
  eden space 108032K, 100% used [0x000000076ab00000,0x0000000771480000,0x0000000771480000)
  from space 27648K, 41% used [0x0000000771480000,0x0000000771fc6290,0x0000000772f80000)
  to   space 26112K, 0% used [0x0000000776e80000,0x0000000776e80000,0x0000000778800000)
 ParOldGen       total 117760K, used 35174K [0x00000006c0000000, 0x00000006c7300000, 0x000000076ab00000)
  object space 117760K, 29% used [0x00000006c0000000,0x00000006c2259b18,0x00000006c7300000)
 Metaspace       used 26936K, capacity 28737K, committed 28928K, reserved 1075200K
  class space    used 3740K, capacity 4064K, committed 4096K, reserved 1048576K
Event: 14.379 GC heap after
Heap after GC invocations=9 (full 1):
 PSYoungGen      total 199680K, used 4096K [0x000000076ab00000, 0x0000000778e80000, 0x00000007c0000000)
  eden space 173568K, 0% used [0x000000076ab00000,0x000000076ab00000,0x0000000775480000)
  from space 26112K, 15% used [0x0000000776e80000,0x0000000777280000,0x0000000778800000)
  to   space 26624K, 0% used [0x0000000775480000,0x0000000775480000,0x0000000776e80000)
 ParOldGen       total 117760K, used 42614K [0x00000006c0000000, 0x00000006c7300000, 0x000000076ab00000)
  object space 117760K, 36% used [0x00000006c0000000,0x00000006c299d830,0x00000006c7300000)
 Metaspace       used 26936K, capacity 28737K, committed 28928K, reserved 1075200K
  class space    used 3740K, capacity 4064K, committed 4096K, reserved 1048576K
}
Event: 14.642 GC heap before
{Heap before GC invocations=10 (full 1):
 PSYoungGen      total 199680K, used 177664K [0x000000076ab00000, 0x0000000778e80000, 0x00000007c0000000)
  eden space 173568K, 100% used [0x000000076ab00000,0x0000000775480000,0x0000000775480000)
  from space 26112K, 15% used [0x0000000776e80000,0x0000000777280000,0x0000000778800000)
  to   space 26624K, 0% used [0x0000000775480000,0x0000000775480000,0x0000000776e80000)
 ParOldGen       total 117760K, used 42614K [0x00000006c0000000, 0x00000006c7300000, 0x000000076ab00000)
  object space 117760K, 36% used [0x00000006c0000000,0x00000006c299d830,0x00000006c7300000)
 Metaspace       used 26974K, capacity 28805K, committed 28928K, reserved 1075200K
  class space    used 3740K, capacity 4064K, committed 4096K, reserved 1048576K
Event: 14.648 GC heap after
Heap after GC invocations=10 (full 1):
 PSYoungGen      total 200192K, used 1152K [0x000000076ab00000, 0x000000077cb00000, 0x00000007c0000000)
  eden space 173568K, 0% used [0x000000076ab00000,0x000000076ab00000,0x0000000775480000)
  from space 26624K, 4% used [0x0000000775480000,0x00000007755a0000,0x0000000776e80000)
  to   space 27136K, 0% used [0x000000077b080000,0x000000077b080000,0x000000077cb00000)
 ParOldGen       total 117760K, used 45578K [0x00000006c0000000, 0x00000006c7300000, 0x000000076ab00000)
  object space 117760K, 38% used [0x00000006c0000000,0x00000006c2c82888,0x00000006c7300000)
 Metaspace       used 26974K, capacity 28805K, committed 28928K, reserved 1075200K
  class space    used 3740K, capacity 4064K, committed 4096K, reserved 1048576K
}
Event: 14.917 GC heap before
{Heap before GC invocations=11 (full 1):
 PSYoungGen      total 200192K, used 174720K [0x000000076ab00000, 0x000000077cb00000, 0x00000007c0000000)
  eden space 173568K, 100% used [0x000000076ab00000,0x0000000775480000,0x0000000775480000)
  from space 26624K, 4% used [0x0000000775480000,0x00000007755a0000,0x0000000776e80000)
  to   space 27136K, 0% used [0x000000077b080000,0x000000077b080000,0x000000077cb00000)
 ParOldGen       total 117760K, used 45578K [0x00000006c0000000, 0x00000006c7300000, 0x000000076ab00000)
  object space 117760K, 38% used [0x00000006c0000000,0x00000006c2c82888,0x00000006c7300000)
 Metaspace       used 27003K, capacity 28805K, committed 28928K, reserved 1075200K
  class space    used 3740K, capacity 4064K, committed 4096K, reserved 1048576K
Event: 14.920 GC heap after
Heap after GC invocations=11 (full 1):
 PSYoungGen      total 259584K, used 288K [0x000000076ab00000, 0x000000077c780000, 0x00000007c0000000)
  eden space 236032K, 0% used [0x000000076ab00000,0x000000076ab00000,0x0000000779180000)
  from space 23552K, 1% used [0x000000077b080000,0x000000077b0c8000,0x000000077c780000)
  to   space 27648K, 0% used [0x0000000779180000,0x0000000779180000,0x000000077ac80000)
 ParOldGen       total 117760K, used 46570K [0x00000006c0000000, 0x00000006c7300000, 0x000000076ab00000)
  object space 117760K, 39% used [0x00000006c0000000,0x00000006c2d7a888,0x00000006c7300000)
 Metaspace       used 27003K, capacity 28805K, committed 28928K, reserved 1075200K
  class space    used 3740K, capacity 4064K, committed 4096K, reserved 1048576K
}

Deoptimization events (10 events):
Event: 14.024 Thread 0x00007f9e949b9000 Uncommon trap: reason=array_check action=maybe_recompile pc=0x00000001106d089c method=java.util.AbstractCollection.toArray([Ljava/lang/Object;)[Ljava/lang/Object; @ 119
Event: 14.024 Thread 0x00007f9e949b9000 Uncommon trap: reason=array_check action=maybe_recompile pc=0x00000001106d089c method=java.util.AbstractCollection.toArray([Ljava/lang/Object;)[Ljava/lang/Object; @ 119
Event: 14.051 Thread 0x00007f9e949b9000 Uncommon trap: reason=bimorphic action=maybe_recompile pc=0x0000000110bf20c8 method=java.util.ArrayList.remove(Ljava/lang/Object;)Z @ 56
Event: 14.051 Thread 0x00007f9e949b9000 Uncommon trap: reason=bimorphic action=maybe_recompile pc=0x0000000110bf20c8 method=java.util.ArrayList.remove(Ljava/lang/Object;)Z @ 56
Event: 14.051 Thread 0x00007f9e949b9000 Uncommon trap: reason=bimorphic action=maybe_recompile pc=0x0000000110bf20c8 method=java.util.ArrayList.remove(Ljava/lang/Object;)Z @ 56
Event: 14.052 Thread 0x00007f9e949b9000 Uncommon trap: reason=bimorphic action=maybe_recompile pc=0x0000000110bf20c8 method=java.util.ArrayList.remove(Ljava/lang/Object;)Z @ 56
Event: 14.111 Thread 0x00007f9e9503a000 Uncommon trap: reason=unstable_if action=reinterpret pc=0x000000010fdd4a7c method=com.sun.javafx.sg.prism.NGGroup.clearDirty()V @ 8
Event: 14.735 Thread 0x00007f9e949b9000 Uncommon trap: reason=null_check action=make_not_entrant pc=0x0000000110f8a700 method=javafx.beans.property.StringPropertyBase.set(Ljava/lang/String;)V @ 111
Event: 14.816 Thread 0x00007f9e9fe44000 Uncommon trap: reason=unstable_if action=reinterpret pc=0x00000001109d059c method=engine.engineImpl.checkSerialSets(Ljava/lang/String;)Z @ 21
Event: 14.816 Thread 0x00007f9e9fe44000 Uncommon trap: reason=unstable_if action=reinterpret pc=0x0000000110eb3cd0 method=engine.engineImpl.checkSerialSets(Ljava/lang/String;)Z @ 21

Classes redefined (0 events):
No events

Internal exceptions (10 events):
Event: 1.371 Thread 0x00007f9e949b9000 Exception <a 'java/io/FileNotFoundException'> (0x000000076b3cc038) thrown at [/System/Volumes/Data/jenkins/workspace/8-2-build-macosx-x86_64/jdk8u301/1513/hotspot/src/share/vm/prims/jni.cpp, line 710]
Event: 1.378 Thread 0x00007f9e949b9000 Exception <a 'java/io/FileNotFoundException'> (0x000000076b432d80) thrown at [/System/Volumes/Data/jenkins/workspace/8-2-build-macosx-x86_64/jdk8u301/1513/hotspot/src/share/vm/prims/jni.cpp, line 710]
Event: 1.574 Thread 0x00007f9e949b9000 Implicit null exception at 0x0000000110358223 to 0x0000000110358d45
Event: 5.905 Thread 0x00007f9e949b9000 Exception <a 'java/lang/ClassNotFoundException': com/sun/org/glassfish/hk2/osgiresourcelocator/ServiceLoader> (0x000000076cf170c0) thrown at [/System/Volumes/Data/jenkins/workspace/8-2-build-macosx-x86_64/jdk8u301/1513/hotspot/src/share/vm/classfile/syste
Event: 5.910 Thread 0x00007f9e949b9000 Exception <a 'java/lang/NullPointerException'> (0x000000076cf743d8) thrown at [/System/Volumes/Data/jenkins/workspace/8-2-build-macosx-x86_64/jdk8u301/1513/hotspot/src/share/vm/interpreter/linkResolver.cpp, line 1287]
Event: 7.654 Thread 0x00007f9e949b9000 Implicit null exception at 0x0000000110651c97 to 0x0000000110651cfd
Event: 12.984 Thread 0x00007f9e949b9000 Implicit null exception at 0x0000000110e05d9f to 0x0000000110e06041
Event: 13.791 Thread 0x00007f9e9fe44000 Exception <a 'sun/nio/fs/UnixException'> (0x000000076d05dda8) thrown at [/System/Volumes/Data/jenkins/workspace/8-2-build-macosx-x86_64/jdk8u301/1513/hotspot/src/share/vm/prims/jni.cpp, line 710]
Event: 13.809 Thread 0x00007f9e9fe44000 Implicit null exception at 0x000000010ff9e7f6 to 0x000000010ff9ed21
Event: 14.735 Thread 0x00007f9e949b9000 Implicit null exception at 0x0000000110f8a5e9 to 0x0000000110f8a6f3

Events (10 events):
Event: 15.154 Thread 0x00007f9e94038000 flushing nmethod 0x0000000110c3ad50
Event: 15.154 Thread 0x00007f9e94038000 flushing nmethod 0x0000000110c41e10
Event: 15.154 Thread 0x00007f9e94038000 flushing nmethod 0x0000000110c818d0
Event: 15.154 Thread 0x00007f9e94038000 flushing nmethod 0x0000000110c8cfd0
Event: 15.154 Thread 0x00007f9e94038000 flushing nmethod 0x0000000110cd0350
Event: 15.154 Thread 0x00007f9e94038000 flushing nmethod 0x0000000110cd1dd0
Event: 15.155 Thread 0x00007f9e948a2800 flushing nmethod 0x0000000110ce5150
Event: 15.155 Thread 0x00007f9e948a2800 flushing nmethod 0x0000000110cfa5d0
Event: 15.155 Thread 0x00007f9e948a2800 flushing nmethod 0x0000000110d04010
Event: 15.270 Executing VM operation: ParallelGCFailedAllocation


Dynamic libraries:
0x00007ff82a182000 	/System/Library/Frameworks/Cocoa.framework/Versions/A/Cocoa
0x00007ff816007000 	/System/Library/Frameworks/AppKit.framework/Versions/C/AppKit
0x00007ff8194fd000 	/System/Library/Frameworks/CoreData.framework/Versions/A/CoreData
0x00007ff81441e000 	/System/Library/Frameworks/Foundation.framework/Versions/C/Foundation
0x00007ff81e2bd000 	/usr/lib/libSystem.B.dylib
0x00007ff816e96000 	/System/Library/PrivateFrameworks/UIFoundation.framework/Versions/A/UIFoundation
0x00007ff824133000 	/System/Library/PrivateFrameworks/RemoteViewServices.framework/Versions/A/RemoteViewServices
0x00007ff81c523000 	/System/Library/PrivateFrameworks/XCTTargetBootstrap.framework/Versions/A/XCTTargetBootstrap
0x00007ff8200cd000 	/System/Library/PrivateFrameworks/InternationalSupport.framework/Versions/A/InternationalSupport
0x00007ff820157000 	/System/Library/PrivateFrameworks/UserActivity.framework/Versions/A/UserActivity
0x00007ff81f4ad000 	/usr/lib/libspindump.dylib
0x00007ff817124000 	/System/Library/Frameworks/UniformTypeIdentifiers.framework/Versions/A/UniformTypeIdentifiers
0x00007ff81ac60000 	/usr/lib/libapp_launch_measurement.dylib
0x00007ff819ec9000 	/System/Library/PrivateFrameworks/CoreAnalytics.framework/Versions/A/CoreAnalytics
0x00007ff81ac63000 	/System/Library/PrivateFrameworks/CoreAutoLayout.framework/Versions/A/CoreAutoLayout
0x00007ff81be83000 	/System/Library/Frameworks/Metal.framework/Versions/A/Metal
0x00007ff81cb99000 	/usr/lib/liblangid.dylib
0x00007ff81c527000 	/System/Library/PrivateFrameworks/CoreSVG.framework/Versions/A/CoreSVG
0x00007ff8184eb000 	/System/Library/PrivateFrameworks/SkyLight.framework/Versions/A/SkyLight
0x00007ff81887e000 	/System/Library/Frameworks/CoreGraphics.framework/Versions/A/CoreGraphics
0x00007ff8247a2000 	/System/Library/Frameworks/Accelerate.framework/Versions/A/Accelerate
0x00007ff81ef28000 	/System/Library/PrivateFrameworks/IconServices.framework/Versions/A/IconServices
0x00007ff81be68000 	/System/Library/Frameworks/IOSurface.framework/Versions/A/IOSurface
0x00007ff819ef7000 	/usr/lib/libDiagnosticMessagesClient.dylib
0x00007ff81e1dd000 	/usr/lib/libz.1.dylib
0x00007ff827e11000 	/System/Library/Frameworks/ApplicationServices.framework/Versions/A/ApplicationServices
0x00007ff81c50f000 	/System/Library/PrivateFrameworks/DFRFoundation.framework/Versions/A/DFRFoundation
0x00007ff8158f8000 	/usr/lib/libicucore.A.dylib
0x00007ff820df2000 	/System/Library/Frameworks/AudioToolbox.framework/Versions/A/AudioToolbox
0x00007ff8200d9000 	/System/Library/PrivateFrameworks/DataDetectorsCore.framework/Versions/A/DataDetectorsCore
0x00007ff91ba38000 	/System/Library/PrivateFrameworks/TextInput.framework/Versions/A/TextInput
0x00007ff81846f000 	/usr/lib/libMobileGestalt.dylib
0x00007ff81c217000 	/System/Library/Frameworks/Carbon.framework/Versions/A/Frameworks/HIToolbox.framework/Versions/A/HIToolbox
0x00007ff81a68d000 	/System/Library/Frameworks/QuartzCore.framework/Versions/A/QuartzCore
0x00007ff815598000 	/System/Library/Frameworks/Security.framework/Versions/A/Security
0x00007ff82416b000 	/System/Library/Frameworks/Carbon.framework/Versions/A/Frameworks/SpeechRecognition.framework/Versions/A/SpeechRecognition
0x00007ff81a9c0000 	/System/Library/PrivateFrameworks/CoreUI.framework/Versions/A/CoreUI
0x00007ff814e70000 	/System/Library/Frameworks/CoreAudio.framework/Versions/A/CoreAudio
0x00007ff819fe5000 	/System/Library/Frameworks/DiskArbitration.framework/Versions/A/DiskArbitration
0x00007ff81f894000 	/System/Library/PrivateFrameworks/MultitouchSupport.framework/Versions/A/MultitouchSupport
0x00007ff81846e000 	/usr/lib/libenergytrace.dylib
0x00007ff815ef3000 	/System/Library/Frameworks/IOKit.framework/Versions/A/IOKit
0x00007ff824557000 	/System/Library/Frameworks/CoreServices.framework/Versions/A/CoreServices
0x00007ff81abfa000 	/System/Library/PrivateFrameworks/PerformanceAnalysis.framework/Versions/A/PerformanceAnalysis
0x00007ffa2b203000 	/System/Library/Frameworks/OpenGL.framework/Versions/A/OpenGL
0x00007ff81d80e000 	/System/Library/PrivateFrameworks/MobileKeyBag.framework/Versions/A/MobileKeyBag
0x00007ff8133df000 	/usr/lib/libobjc.A.dylib
0x00007ff818f4a000 	/System/Library/Frameworks/ColorSync.framework/Versions/A/ColorSync
0x00007ff813598000 	/System/Library/Frameworks/CoreFoundation.framework/Versions/A/CoreFoundation
0x00007ff81c7a0000 	/System/Library/Frameworks/CoreImage.framework/Versions/A/CoreImage
0x00007ff814c86000 	/System/Library/Frameworks/CoreText.framework/Versions/A/CoreText
0x00007ff81c556000 	/System/Library/Frameworks/ImageIO.framework/Versions/A/ImageIO
0x00007ff81e2c3000 	/System/Library/PrivateFrameworks/SoftLinking.framework/Versions/A/SoftLinking
0x00007ff81acab000 	/usr/lib/libxml2.2.dylib
0x00007ff8134a5000 	/usr/lib/libc++.1.dylib
0x00007ff81e547000 	/usr/lib/libcompression.dylib
0x00007ff820003000 	/System/Library/PrivateFrameworks/TextureIO.framework/Versions/A/TextureIO
0x00007ff81ec3a000 	/usr/lib/libate.dylib
0x00007ff81e2b8000 	/usr/lib/system/libcache.dylib
0x00007ff81e274000 	/usr/lib/system/libcommonCrypto.dylib
0x00007ff81e29d000 	/usr/lib/system/libcompiler_rt.dylib
0x00007ff81e293000 	/usr/lib/system/libcopyfile.dylib
0x00007ff8132d9000 	/usr/lib/system/libcorecrypto.dylib
0x00007ff813398000 	/usr/lib/system/libdispatch.dylib
0x00007ff813557000 	/usr/lib/system/libdyld.dylib
0x00007ff81e2af000 	/usr/lib/system/libkeymgr.dylib
0x00007ff81e252000 	/usr/lib/system/libmacho.dylib
0x00007ff81d8e2000 	/usr/lib/system/libquarantine.dylib
0x00007ff81e2ad000 	/usr/lib/system/libremovefile.dylib
0x00007ff8184bb000 	/usr/lib/system/libsystem_asl.dylib
0x00007ff813287000 	/usr/lib/system/libsystem_blocks.dylib
0x00007ff81341c000 	/usr/lib/system/libsystem_c.dylib
0x00007ff81e2a5000 	/usr/lib/system/libsystem_collections.dylib
0x00007ff81cb8a000 	/usr/lib/system/libsystem_configuration.dylib
0x00007ff81be4b000 	/usr/lib/system/libsystem_containermanager.dylib
0x00007ff81df8f000 	/usr/lib/system/libsystem_coreservices.dylib
0x00007ff815b81000 	/usr/lib/system/libsystem_darwin.dylib
0x00007ff81e2b0000 	/usr/lib/system/libsystem_dnssd.dylib
0x00007ff813419000 	/usr/lib/system/libsystem_featureflags.dylib
0x00007ff81356d000 	/usr/lib/system/libsystem_info.dylib
0x00007ff81e1f0000 	/usr/lib/system/libsystem_m.dylib
0x00007ff81336c000 	/usr/lib/system/libsystem_malloc.dylib
0x00007ff818458000 	/usr/lib/system/libsystem_networkextension.dylib
0x00007ff815fa9000 	/usr/lib/system/libsystem_notify.dylib
0x00007ff82442c000 	/usr/lib/system/libsystem_product_info_filter.dylib
0x00007ff81cb8e000 	/usr/lib/system/libsystem_sandbox.dylib
0x00007ff81e2aa000 	/usr/lib/system/libsystem_secinit.dylib
0x00007ff813514000 	/usr/lib/system/libsystem_kernel.dylib
0x00007ff813563000 	/usr/lib/system/libsystem_platform.dylib
0x00007ff81354b000 	/usr/lib/system/libsystem_pthread.dylib
0x00007ff819d10000 	/usr/lib/system/libsystem_symptoms.dylib
0x00007ff8132c0000 	/usr/lib/system/libsystem_trace.dylib
0x00007ff81e280000 	/usr/lib/system/libunwind.dylib
0x00007ff813289000 	/usr/lib/system/libxpc.dylib
0x00007ff8134fe000 	/usr/lib/libc++abi.dylib
0x00007ff81e28b000 	/usr/lib/liboah.dylib
0x00007ff81ea18000 	/usr/lib/liblzma.5.dylib
0x00007ff81412f000 	/System/Library/Frameworks/SystemConfiguration.framework/Versions/A/SystemConfiguration
0x00007ff81e2bf000 	/usr/lib/libfakelink.dylib
0x00007ff817fc1000 	/System/Library/Frameworks/CFNetwork.framework/Versions/A/CFNetwork
0x00007ff81e3fe000 	/usr/lib/libarchive.2.dylib
0x00007ff81cb95000 	/System/Library/PrivateFrameworks/AppleSystemInfo.framework/Versions/A/AppleSystemInfo
0x00007ff81d909000 	/usr/lib/libbsm.0.dylib
0x00007ff8175f7000 	/usr/lib/libnetwork.dylib
0x00007ff81e258000 	/usr/lib/system/libkxld.dylib
0x00007ff81d537000 	/System/Library/PrivateFrameworks/IOMobileFramebuffer.framework/Versions/A/IOMobileFramebuffer
0x00007ffb28fb1000 	/usr/lib/libCoreEntitlements.dylib
0x00007ff81df71000 	/System/Library/PrivateFrameworks/AppleFSCompression.framework/Versions/A/AppleFSCompression
0x00007ff81d8f1000 	/usr/lib/libcoretls.dylib
0x00007ff81ea32000 	/usr/lib/libcoretls_cfhelpers.dylib
0x00007ff81e542000 	/usr/lib/libpam.2.dylib
0x00007ff819932000 	/usr/lib/libsqlite3.dylib
0x00007ff81eaa1000 	/usr/lib/libxar.1.dylib
0x00007ff81df81000 	/usr/lib/libbz2.1.0.dylib
0x00007ff81e2c4000 	/usr/lib/libpcap.A.dylib
0x00007ff819d07000 	/usr/lib/libdns_services.dylib
0x00007ff81e511000 	/usr/lib/libapple_nghttp2.dylib
0x00007ff81e2fb000 	/usr/lib/libiconv.2.dylib
0x00007ff81e251000 	/usr/lib/libcharset.1.dylib
0x00007ff81ac2e000 	/System/Library/Frameworks/CoreServices.framework/Versions/A/Frameworks/FSEvents.framework/Versions/A/FSEvents
0x00007ff815b8b000 	/System/Library/Frameworks/CoreServices.framework/Versions/A/Frameworks/CarbonCore.framework/Versions/A/CarbonCore
0x00007ff819f4a000 	/System/Library/Frameworks/CoreServices.framework/Versions/A/Frameworks/Metadata.framework/Versions/A/Metadata
0x00007ff81df94000 	/System/Library/Frameworks/CoreServices.framework/Versions/A/Frameworks/OSServices.framework/Versions/A/OSServices
0x00007ff81e485000 	/System/Library/Frameworks/CoreServices.framework/Versions/A/Frameworks/SearchKit.framework/Versions/A/SearchKit
0x00007ff819c99000 	/System/Library/Frameworks/CoreServices.framework/Versions/A/Frameworks/AE.framework/Versions/A/AE
0x00007ff813a9b000 	/System/Library/Frameworks/CoreServices.framework/Versions/A/Frameworks/LaunchServices.framework/Versions/A/LaunchServices
0x00007ff81e9c9000 	/System/Library/Frameworks/CoreServices.framework/Versions/A/Frameworks/DictionaryServices.framework/Versions/A/DictionaryServices
0x00007ff81ac3b000 	/System/Library/Frameworks/CoreServices.framework/Versions/A/Frameworks/SharedFileList.framework/Versions/A/SharedFileList
0x00007ff81d8e5000 	/usr/lib/libCheckFix.dylib
0x00007ff8184d2000 	/System/Library/PrivateFrameworks/TCC.framework/Versions/A/TCC
0x00007ff81cb9b000 	/System/Library/PrivateFrameworks/CoreNLP.framework/Versions/A/CoreNLP
0x00007ff819efa000 	/System/Library/PrivateFrameworks/MetadataUtilities.framework/Versions/A/MetadataUtilities
0x00007ff8141df000 	/usr/lib/libmecabra.dylib
0x00007ff81d919000 	/usr/lib/libmecab.dylib
0x00007ff8141aa000 	/usr/lib/libCRFSuite.dylib
0x00007ff81d976000 	/usr/lib/libgermantok.dylib
0x00007ff81e4ec000 	/usr/lib/libThaiTokenizer.dylib
0x00007ff819fec000 	/System/Library/Frameworks/Accelerate.framework/Versions/A/Frameworks/vImage.framework/Versions/A/vImage
0x00007ff82452e000 	/System/Library/Frameworks/Accelerate.framework/Versions/A/Frameworks/vecLib.framework/Versions/A/vecLib
0x00007ff81eae2000 	/System/Library/Frameworks/Accelerate.framework/Versions/A/Frameworks/vecLib.framework/Versions/A/libvMisc.dylib
0x00007ff81d355000 	/System/Library/Frameworks/Accelerate.framework/Versions/A/Frameworks/vecLib.framework/Versions/A/libvDSP.dylib
0x00007ff813e13000 	/System/Library/Frameworks/Accelerate.framework/Versions/A/Frameworks/vecLib.framework/Versions/A/libBLAS.dylib
0x00007ff81e623000 	/System/Library/Frameworks/Accelerate.framework/Versions/A/Frameworks/vecLib.framework/Versions/A/libLAPACK.dylib
0x00007ff81d979000 	/System/Library/Frameworks/Accelerate.framework/Versions/A/Frameworks/vecLib.framework/Versions/A/libLinearAlgebra.dylib
0x00007ff81e52a000 	/System/Library/Frameworks/Accelerate.framework/Versions/A/Frameworks/vecLib.framework/Versions/A/libSparseBLAS.dylib
0x00007ff81e61d000 	/System/Library/Frameworks/Accelerate.framework/Versions/A/Frameworks/vecLib.framework/Versions/A/libQuadrature.dylib
0x00007ff81cc85000 	/System/Library/Frameworks/Accelerate.framework/Versions/A/Frameworks/vecLib.framework/Versions/A/libBNNS.dylib
0x00007ff8140c0000 	/System/Library/Frameworks/Accelerate.framework/Versions/A/Frameworks/vecLib.framework/Versions/A/libSparse.dylib
0x00007ff81cc7e000 	/System/Library/PrivateFrameworks/LinguisticData.framework/Versions/A/LinguisticData
0x00007ff814075000 	/System/Library/PrivateFrameworks/Lexicon.framework/Versions/A/Lexicon
0x00007ff81eadb000 	/usr/lib/libChineseTokenizer.dylib
0x00007ff8147d9000 	/System/Library/PrivateFrameworks/LanguageModeling.framework/Versions/A/LanguageModeling
0x00007ff81e4ee000 	/System/Library/PrivateFrameworks/AppleSauce.framework/Versions/A/AppleSauce
0x00007ff81d525000 	/System/Library/PrivateFrameworks/CoreEmoji.framework/Versions/A/CoreEmoji
0x00007ff81e3ed000 	/usr/lib/libcmph.dylib
0x00007ff81ac12000 	/System/Library/Frameworks/OpenDirectory.framework/Versions/A/Frameworks/CFOpenDirectory.framework/Versions/A/CFOpenDirectory
0x00007ff81ac06000 	/System/Library/Frameworks/OpenDirectory.framework/Versions/A/OpenDirectory
0x00007ff81ea34000 	/System/Library/PrivateFrameworks/APFS.framework/Versions/A/APFS
0x00007ff81d846000 	/System/Library/Frameworks/SecurityFoundation.framework/Versions/A/SecurityFoundation
0x00007ff81eaaf000 	/usr/lib/libutil.dylib
0x00007ff815eb6000 	/System/Library/PrivateFrameworks/CoreServicesStore.framework/Versions/A/CoreServicesStore
0x00007ff81eab3000 	/usr/lib/libxslt.1.dylib
0x00007ff81d8d3000 	/System/Library/PrivateFrameworks/BackgroundTaskManagement.framework/Versions/A/BackgroundTaskManagement
0x00007ff81ff23000 	/System/Library/Frameworks/ImageIO.framework/Versions/A/Resources/libRadiance.dylib
0x00007ff81ff2c000 	/System/Library/Frameworks/ImageIO.framework/Versions/A/Resources/libJPEG.dylib
0x00007ff81fe7c000 	/System/Library/Frameworks/ImageIO.framework/Versions/A/Resources/libPng.dylib
0x00007ff81fe9d000 	/System/Library/Frameworks/ImageIO.framework/Versions/A/Resources/libTIFF.dylib
0x00007ff81ff8c000 	/System/Library/Frameworks/ImageIO.framework/Versions/A/Resources/libGIF.dylib
0x00007ff81f7ad000 	/System/Library/Frameworks/ImageIO.framework/Versions/A/Resources/libJP2.dylib
0x00007ff81eeef000 	/usr/lib/libexpat.1.dylib
0x00007ff81f762000 	/System/Library/PrivateFrameworks/AppleJPEG.framework/Versions/A/AppleJPEG
0x00007ff81c0de000 	/System/Library/PrivateFrameworks/FontServices.framework/libFontParser.dylib
0x00007ff819c43000 	/System/Library/PrivateFrameworks/RunningBoardServices.framework/Versions/A/RunningBoardServices
0x00007ff82a6fc000 	/System/Library/PrivateFrameworks/IOSurfaceAccelerator.framework/Versions/A/IOSurfaceAccelerator
0x00007ff81f890000 	/System/Library/PrivateFrameworks/WatchdogClient.framework/Versions/A/WatchdogClient
0x00007ff8148c8000 	/System/Library/Frameworks/CoreDisplay.framework/Versions/A/CoreDisplay
0x00007ff81bfdd000 	/System/Library/Frameworks/CoreMedia.framework/Versions/A/CoreMedia
0x00007ff81be7a000 	/System/Library/PrivateFrameworks/IOAccelerator.framework/Versions/A/IOAccelerator
0x00007ff81ad8e000 	/System/Library/Frameworks/CoreVideo.framework/Versions/A/CoreVideo
0x00007ff81e540000 	/System/Library/Frameworks/MetalPerformanceShaders.framework/Versions/A/MetalPerformanceShaders
0x00007ff81f8cb000 	/System/Library/Frameworks/VideoToolbox.framework/Versions/A/VideoToolbox
0x00007ff819b8b000 	/System/Library/PrivateFrameworks/BaseBoard.framework/Versions/A/BaseBoard
0x00007ff819918000 	/System/Library/PrivateFrameworks/ProtocolBuffer.framework/Versions/A/ProtocolBuffer
0x00007ff81ff1c000 	/System/Library/PrivateFrameworks/GPUWrangler.framework/Versions/A/GPUWrangler
0x00007ff81feff000 	/System/Library/PrivateFrameworks/IOPresentment.framework/Versions/A/IOPresentment
0x00007ff81ff26000 	/System/Library/PrivateFrameworks/DSExternalDisplay.framework/Versions/A/DSExternalDisplay
0x00007ffa2b1f7000 	/System/Library/Frameworks/OpenGL.framework/Versions/A/Libraries/libCoreFSCache.dylib
0x00007ffb1729b000 	/System/Library/PrivateFrameworks/GPUCompiler.framework/Versions/31001/Libraries/libGPUCompilerUtils.dylib
0x00007ff81ff91000 	/System/Library/PrivateFrameworks/CMCaptureCore.framework/Versions/A/CMCaptureCore
0x00007ff81f49b000 	/System/Library/PrivateFrameworks/AppServerSupport.framework/Versions/A/AppServerSupport
0x00007ff821678000 	/System/Library/PrivateFrameworks/perfdata.framework/Versions/A/perfdata
0x00007ff8149f4000 	/System/Library/PrivateFrameworks/AudioToolboxCore.framework/Versions/A/AudioToolboxCore
0x00007ff81bfba000 	/System/Library/PrivateFrameworks/caulk.framework/Versions/A/caulk
0x00007ff820f9c000 	/usr/lib/libAudioStatistics.dylib
0x00007ff9182c9000 	/System/Library/PrivateFrameworks/SystemPolicy.framework/Versions/A/SystemPolicy
0x00007ff8211f1000 	/usr/lib/libSMC.dylib
0x00007ff82a035000 	/System/Library/Frameworks/CoreMIDI.framework/Versions/A/CoreMIDI
0x00007ff81fe4c000 	/usr/lib/libAudioToolboxUtility.dylib
0x00007ff9146db000 	/System/Library/PrivateFrameworks/OSAServicesClient.framework/Versions/A/OSAServicesClient
0x00007ff821685000 	/usr/lib/libperfcheck.dylib
0x00007ff918d5b000 	/usr/lib/libmis.dylib
0x00007ffa2b253000 	/System/Library/Frameworks/OpenGL.framework/Versions/A/Libraries/libGLU.dylib
0x00007ffa2b216000 	/System/Library/Frameworks/OpenGL.framework/Versions/A/Libraries/libGFXShared.dylib
0x00007ffa2b424000 	/System/Library/Frameworks/OpenGL.framework/Versions/A/Libraries/libGL.dylib
0x00007ffa2b21f000 	/System/Library/Frameworks/OpenGL.framework/Versions/A/Libraries/libGLImage.dylib
0x00007ffa2b213000 	/System/Library/Frameworks/OpenGL.framework/Versions/A/Libraries/libCVMSPluginSupport.dylib
0x00007ffa2b1fe000 	/System/Library/Frameworks/OpenGL.framework/Versions/A/Libraries/libCoreVMClient.dylib
0x00007ff81cb19000 	/System/Library/Frameworks/MetalPerformanceShaders.framework/Versions/A/Frameworks/MPSCore.framework/Versions/A/MPSCore
0x00007ff81dedc000 	/System/Library/Frameworks/MetalPerformanceShaders.framework/Versions/A/Frameworks/MPSImage.framework/Versions/A/MPSImage
0x00007ff81d98f000 	/System/Library/Frameworks/MetalPerformanceShaders.framework/Versions/A/Frameworks/MPSNeuralNetwork.framework/Versions/A/MPSNeuralNetwork
0x00007ff81de04000 	/System/Library/Frameworks/MetalPerformanceShaders.framework/Versions/A/Frameworks/MPSMatrix.framework/Versions/A/MPSMatrix
0x00007ff81dbc0000 	/System/Library/Frameworks/MetalPerformanceShaders.framework/Versions/A/Frameworks/MPSRayIntersector.framework/Versions/A/MPSRayIntersector
0x00007ff81de3d000 	/System/Library/Frameworks/MetalPerformanceShaders.framework/Versions/A/Frameworks/MPSNDArray.framework/Versions/A/MPSNDArray
0x00007ffa2fe15000 	/System/Library/Frameworks/MetalPerformanceShaders.framework/Versions/A/Frameworks/MPSFunctions.framework/Versions/A/MPSFunctions
0x00007ff813cf6000 	/System/Library/PrivateFrameworks/MetalTools.framework/Versions/A/MetalTools
0x00007ff81cb93000 	/System/Library/PrivateFrameworks/AggregateDictionary.framework/Versions/A/AggregateDictionary
0x00007ff81ecd1000 	/usr/lib/libIOReport.dylib
0x00007ffa2c833000 	/System/Library/Frameworks/OpenCL.framework/Versions/A/OpenCL
0x00007ff81f035000 	/System/Library/PrivateFrameworks/FaceCore.framework/Versions/A/FaceCore
0x00007ff81f026000 	/System/Library/PrivateFrameworks/GraphVisualizer.framework/Versions/A/GraphVisualizer
0x00007ffb171a6000 	/System/Library/PrivateFrameworks/FontServices.framework/Versions/A/FontServices
0x00007ff81f452000 	/System/Library/PrivateFrameworks/OTSVG.framework/Versions/A/OTSVG
0x00007ff81a976000 	/System/Library/Frameworks/ApplicationServices.framework/Versions/A/Frameworks/ATS.framework/Versions/A/Resources/libFontRegistry.dylib
0x00007ff81f4a3000 	/System/Library/PrivateFrameworks/FontServices.framework/libhvf.dylib
0x00007ffb171a7000 	/System/Library/PrivateFrameworks/FontServices.framework/libXTFontStaticRegistryData.dylib
0x00007ff81ee9f000 	/System/Library/PrivateFrameworks/AppleVA.framework/Versions/A/AppleVA
0x00007ff820fc0000 	/System/Library/Frameworks/ApplicationServices.framework/Versions/A/Frameworks/ATS.framework/Versions/A/ATS
0x00007ff819046000 	/System/Library/Frameworks/ApplicationServices.framework/Versions/A/Frameworks/HIServices.framework/Versions/A/HIServices
0x00007ff81ff9b000 	/System/Library/Frameworks/ApplicationServices.framework/Versions/A/Frameworks/PrintCore.framework/Versions/A/PrintCore
0x00007ff821344000 	/System/Library/Frameworks/ApplicationServices.framework/Versions/A/Frameworks/QD.framework/Versions/A/QD
0x00007ff82133c000 	/System/Library/Frameworks/ApplicationServices.framework/Versions/A/Frameworks/ColorSyncLegacy.framework/Versions/A/ColorSyncLegacy
0x00007ff820fb0000 	/System/Library/Frameworks/ApplicationServices.framework/Versions/A/Frameworks/SpeechSynthesis.framework/Versions/A/SpeechSynthesis
0x00007ff81ff5c000 	/System/Library/Frameworks/ApplicationServices.framework/Versions/A/Frameworks/ATSUI.framework/Versions/A/ATSUI
0x00007ff8212d1000 	/usr/lib/libcups.2.dylib
0x00007ff821694000 	/System/Library/Frameworks/Kerberos.framework/Versions/A/Kerberos
0x00007ff8216a3000 	/System/Library/Frameworks/GSS.framework/Versions/A/GSS
0x00007ff82102c000 	/usr/lib/libresolv.9.dylib
0x00007ff81f4b2000 	/System/Library/PrivateFrameworks/Heimdal.framework/Versions/A/Heimdal
0x00007ff82818c000 	/System/Library/Frameworks/Kerberos.framework/Versions/A/Libraries/libHeimdalProxy.dylib
0x00007ff819d18000 	/System/Library/Frameworks/Network.framework/Versions/A/Network
0x00007ff81ef09000 	/usr/lib/libheimdal-asn1.dylib
0x00007ff8216ef000 	/System/Library/PrivateFrameworks/CommonAuth.framework/Versions/A/CommonAuth
0x00007ff820f2d000 	/System/Library/PrivateFrameworks/AudioSession.framework/Versions/A/AudioSession
0x00007ff81ef99000 	/System/Library/PrivateFrameworks/MediaExperience.framework/Versions/A/MediaExperience
0x00007ff820dc1000 	/System/Library/PrivateFrameworks/AudioSession.framework/libSessionUtility.dylib
0x00007ff821350000 	/System/Library/PrivateFrameworks/AudioResourceArbitration.framework/Versions/A/AudioResourceArbitration
0x00007ff825341000 	/System/Library/PrivateFrameworks/PowerLog.framework/Versions/A/PowerLog
0x00007ff81ef12000 	/System/Library/PrivateFrameworks/IconFoundation.framework/Versions/A/IconFoundation
0x00007ff82415b000 	/System/Library/PrivateFrameworks/SpeechRecognitionCore.framework/Versions/A/SpeechRecognitionCore
0x000000010ee80000 	/Library/Java/JavaVirtualMachines/jdk1.8.0_301.jdk/Contents/Home/jre/lib/server/libjvm.dylib
0x000000010d2d1000 	/Library/Java/JavaVirtualMachines/jdk1.8.0_301.jdk/Contents/Home/jre/lib/libverify.dylib
0x000000010d315000 	/Library/Java/JavaVirtualMachines/jdk1.8.0_301.jdk/Contents/Home/jre/lib/libjava.dylib
0x000000010d391000 	/Library/Java/JavaVirtualMachines/jdk1.8.0_301.jdk/Contents/Home/jre/lib/libjdwp.dylib
0x000000010d2e2000 	/Library/Java/JavaVirtualMachines/jdk1.8.0_301.jdk/Contents/Home/jre/lib/libnpt.dylib
0x000000010d348000 	/Library/Java/JavaVirtualMachines/jdk1.8.0_301.jdk/Contents/Home/jre/lib/libinstrument.dylib
0x000000010d2f8000 	/Library/Java/JavaVirtualMachines/jdk1.8.0_301.jdk/Contents/Home/jre/lib/libzip.dylib
0x000000010d36a000 	/Library/Java/JavaVirtualMachines/jdk1.8.0_301.jdk/Contents/Home/jre/lib/libdt_socket.dylib
0x000000012941b000 	/Library/Java/JavaVirtualMachines/jdk1.8.0_301.jdk/Contents/Home/jre/lib/libprism_es2.dylib
0x00007ff815e77000 	/System/Library/PrivateFrameworks/CoreServicesInternal.framework/Versions/A/CoreServicesInternal
0x00007ffa2b42f000 	/System/Library/Frameworks/OpenGL.framework/Versions/A/Resources/GLEngine.bundle/GLEngine
0x00007ffa2b291000 	/System/Library/Frameworks/OpenGL.framework/Versions/A/Libraries/libGLProgrammability.dylib
0x00007ffa1f65a000 	/System/Library/Extensions/AppleIntelKBLGraphicsGLDriver.bundle/Contents/MacOS/AppleIntelKBLGraphicsGLDriver
0x00007ff922c24000 	/System/Library/PrivateFrameworks/GPUSupport.framework/Versions/A/Libraries/libGPUSupportMercury.dylib
0x00007ffa2b5be000 	/System/Library/Frameworks/OpenGL.framework/Versions/A/Resources/GLRendererFloat.bundle/GLRendererFloat
0x0000000129922000 	/Library/Java/JavaVirtualMachines/jdk1.8.0_301.jdk/Contents/Home/jre/lib/libglass.dylib
0x00007ff825932000 	/System/Library/Frameworks/FileProvider.framework/Versions/A/FileProvider
0x00007ff819af7000 	/System/Library/Frameworks/Accounts.framework/Versions/A/Accounts
0x00007ff825aa9000 	/System/Library/PrivateFrameworks/GenerationalStorage.framework/Versions/A/GenerationalStorage
0x00007ff8265bb000 	/System/Library/PrivateFrameworks/CoreSymbolication.framework/Versions/A/CoreSymbolication
0x00007ff825336000 	/System/Library/PrivateFrameworks/SymptomDiagnosticReporter.framework/Versions/A/SymptomDiagnosticReporter
0x00007ff817138000 	/System/Library/PrivateFrameworks/DesktopServicesPriv.framework/Versions/A/DesktopServicesPriv
0x00007ff815fb8000 	/usr/lib/libsandbox.1.dylib
0x00007ff81ae0d000 	/System/Library/PrivateFrameworks/UserManagement.framework/Versions/A/UserManagement
0x00007ff826580000 	/System/Library/PrivateFrameworks/DebugSymbols.framework/Versions/A/DebugSymbols
0x00007ff821331000 	/System/Library/PrivateFrameworks/NetAuth.framework/Versions/A/NetAuth
0x00007ff82221f000 	/System/Library/PrivateFrameworks/Sharing.framework/Versions/A/Sharing
0x00007ff81ade0000 	/System/Library/PrivateFrameworks/login.framework/Versions/A/Frameworks/loginsupport.framework/Versions/A/loginsupport
0x00007ff8276c0000 	/System/Library/PrivateFrameworks/Apple80211.framework/Versions/A/Apple80211
0x00007ff81dfc1000 	/System/Library/PrivateFrameworks/AuthKit.framework/Versions/A/AuthKit
0x00007ff81d61b000 	/System/Library/PrivateFrameworks/CoreUtils.framework/Versions/A/CoreUtils
0x00007ff81d542000 	/System/Library/Frameworks/CoreWLAN.framework/Versions/A/CoreWLAN
0x00007ff82237a000 	/System/Library/Frameworks/IOBluetooth.framework/Versions/A/IOBluetooth
0x00007ff827728000 	/System/Library/PrivateFrameworks/CoreWiFi.framework/Versions/A/CoreWiFi
0x00007ff826155000 	/System/Library/PrivateFrameworks/FrontBoardServices.framework/Versions/A/FrontBoardServices
0x00007ff8261e7000 	/System/Library/PrivateFrameworks/BoardServices.framework/Versions/A/BoardServices
0x00007ff81d835000 	/System/Library/PrivateFrameworks/AssertionServices.framework/Versions/A/AssertionServices
0x00007ff8278ac000 	/System/Library/PrivateFrameworks/BackBoardServices.framework/Versions/A/BackBoardServices
0x00007ff82177e000 	/System/Library/PrivateFrameworks/CorePhoneNumbers.framework/Versions/A/CorePhoneNumbers
0x00007ff825453000 	/System/Library/PrivateFrameworks/DiskManagement.framework/Versions/A/DiskManagement
0x00007ff825367000 	/System/Library/PrivateFrameworks/AppleIDAuthSupport.framework/Versions/A/AppleIDAuthSupport
0x00007ffa31dab000 	/System/Library/PrivateFrameworks/AAAFoundation.framework/Versions/A/AAAFoundation
0x00007ff82175f000 	/System/Library/PrivateFrameworks/KeychainCircle.framework/Versions/A/KeychainCircle
0x00007ff82541f000 	/System/Library/PrivateFrameworks/MediaKit.framework/Versions/A/MediaKit
0x00007ff825373000 	/System/Library/Frameworks/DiscRecording.framework/Versions/A/DiscRecording
0x00007ff81ee17000 	/usr/lib/libCoreStorage.dylib
0x00007ff827b9b000 	/usr/lib/libcsfde.dylib
0x00007ff822447000 	/System/Library/PrivateFrameworks/ProtectedCloudStorage.framework/Versions/A/ProtectedCloudStorage
0x00007ff827b97000 	/System/Library/PrivateFrameworks/EFILogin.framework/Versions/A/EFILogin
0x00007ff825acf000 	/System/Library/PrivateFrameworks/OctagonTrust.framework/Versions/A/OctagonTrust
0x00007ffb164c8000 	/System/Library/PrivateFrameworks/CoreUtilsExtras.framework/Versions/A/CoreUtilsExtras
0x00007ff8252a9000 	/System/Library/Frameworks/CoreBluetooth.framework/Versions/A/CoreBluetooth
0x00007ff828211000 	/System/Library/Frameworks/AudioUnit.framework/Versions/A/AudioUnit
0x00007ff81ee0f000 	/usr/lib/libMatch.1.dylib
0x00007ff91d1aa000 	/System/Library/Frameworks/Accelerate.framework/Versions/A/Frameworks/vImage.framework/Versions/A/Libraries/libCGInterfaces.dylib
0x000000012b259000 	/usr/lib/libobjc-trampolines.dylib
0x00007ff81ab06000 	/System/Library/PrivateFrameworks/ViewBridge.framework/Versions/A/ViewBridge
0x000000012de55000 	/Library/Java/JavaVirtualMachines/jdk1.8.0_301.jdk/Contents/Home/jre/lib/libjavafx_font.dylib
0x00007ff81f56c000 	/System/Library/PrivateFrameworks/login.framework/Versions/A/login
0x000000012e8bf000 	/Library/Java/JavaVirtualMachines/jdk1.8.0_301.jdk/Contents/Home/jre/lib/libjavafx_iio.dylib
0x00000001311e3000 	/Library/Java/JavaVirtualMachines/jdk1.8.0_301.jdk/Contents/Home/jre/lib/libprism_common.dylib
0x00007ffb290bf000 	/usr/lib/libRosetta.dylib
0x0000000133bef000 	/Library/Java/JavaVirtualMachines/jdk1.8.0_301.jdk/Contents/Home/jre/lib/libnio.dylib
0x0000000133c1b000 	/Library/Java/JavaVirtualMachines/jdk1.8.0_301.jdk/Contents/Home/jre/lib/libnet.dylib

VM Arguments:
jvm_args: -agentlib:jdwp=transport=dt_socket,address=127.0.0.1:52420,suspend=y,server=n -javaagent:/Users/bar_sela/Library/Caches/JetBrains/IntelliJIdea2021.2/captureAgent/debugger-agent.jar -Dfile.encoding=UTF-8 
java_command: main
java_class_path (initial): /Library/Java/JavaVirtualMachines/jdk1.8.0_301.jdk/Contents/Home/jre/lib/charsets.jar:/Library/Java/JavaVirtualMachines/jdk1.8.0_301.jdk/Contents/Home/jre/lib/deploy.jar:/Library/Java/JavaVirtualMachines/jdk1.8.0_301.jdk/Contents/Home/jre/lib/ext/cldrdata.jar:/Library/Java/JavaVirtualMachines/jdk1.8.0_301.jdk/Contents/Home/jre/lib/ext/dnsns.jar:/Library/Java/JavaVirtualMachines/jdk1.8.0_301.jdk/Contents/Home/jre/lib/ext/jaccess.jar:/Library/Java/JavaVirtualMachines/jdk1.8.0_301.jdk/Contents/Home/jre/lib/ext/jfxrt.jar:/Library/Java/JavaVirtualMachines/jdk1.8.0_301.jdk/Contents/Home/jre/lib/ext/localedata.jar:/Library/Java/JavaVirtualMachines/jdk1.8.0_301.jdk/Contents/Home/jre/lib/ext/nashorn.jar:/Library/Java/JavaVirtualMachines/jdk1.8.0_301.jdk/Contents/Home/jre/lib/ext/sunec.jar:/Library/Java/JavaVirtualMachines/jdk1.8.0_301.jdk/Contents/Home/jre/lib/ext/sunjce_provider.jar:/Library/Java/JavaVirtualMachines/jdk1.8.0_301.jdk/Contents/Home/jre/lib/ext/sunpkcs11.jar:/Library/Java/JavaVirtualMachines/jdk1.8.0_301.jdk/Contents/Home/jre/lib/ext/zipfs.jar:/Library/Java/JavaVirtualMachines/jdk1.8.0_301.jdk/Contents/Home/jre/lib/javaws.jar:/Library/Java/JavaVirtualMachines/jdk1.8.0_301.jdk/Contents/Home/jre/lib/jce.jar:/Library/Java/JavaVirtualMachines/jdk1.8.0_301.jdk/Contents/Home/jre/lib/jfr.jar:/Library/Java/JavaVirtualMachines/jdk1.8.0_301.jdk/Contents/Home/jre/lib/jfxswt.jar:/Library/Java/JavaVirtualMachines/jdk1.8.0_301.jdk/Contents/Home/jre/lib/jsse.jar:/Library/Java/JavaVirtualMachines/jdk1.8.0_301.jdk/Contents/Home/jre/lib/management-agent.jar:/Library/Java/JavaVirtualMachines/jdk1.8.0_301.jdk/Contents/Home/jre/lib/plugin.jar:/Library/Java/JavaVirtualMachines/jdk1.8.0_301.jdk/Contents/Home/jre/lib/resources.jar:/Library/Java/JavaVirtualMachines/jdk1.8.0_301.jdk/Contents/Home/jre/lib/rt.jar:/Library/Java/JavaVirtualMachines/jdk1.8.0_301.jdk/Contents/Home/lib/ant-javafx.jar:/Library/Java/JavaVirtualMachines/jdk1.8.0_301.jdk/Contents/Home
Launcher Type: SUN_STANDARD

Environment Variables:
JAVA_HOME=/Library/Java/JavaVirtualMachines/jdk1.8.0_121.jdk/Contents/Home
PATH=/Library/Java/JavaVirtualMachines/jdk1.8.0_121.jdk/Contents/Home/bin:/usr/local/bin:/usr/bin:/bin:/usr/sbin:/sbin:/usr/local/share/dotnet:~/.dotnet/tools:/Library/Apple/usr/bin:/Library/Frameworks/Mono.framework/Versions/Current/Commands
SHELL=/bin/bash

Signal Handlers:
SIGSEGV: [libjvm.dylib+0x59bf91], sa_mask[0]=11111111011111110111111111111111, sa_flags=SA_ONSTACK|SA_RESTART|SA_SIGINFO
SIGBUS: [libjvm.dylib+0x59bf91], sa_mask[0]=11111111011111110111111111111111, sa_flags=SA_RESTART|SA_SIGINFO
SIGFPE: [libjvm.dylib+0x48f9b7], sa_mask[0]=11111111011111110111111111111111, sa_flags=SA_RESTART|SA_SIGINFO
SIGPIPE: [libjvm.dylib+0x48f9b7], sa_mask[0]=11111111011111110111111111111111, sa_flags=SA_RESTART|SA_SIGINFO
SIGXFSZ: [libjvm.dylib+0x48f9b7], sa_mask[0]=11111111011111110111111111111111, sa_flags=SA_RESTART|SA_SIGINFO
SIGILL: [libjvm.dylib+0x48f9b7], sa_mask[0]=11111111011111110111111111111111, sa_flags=SA_RESTART|SA_SIGINFO
SIGUSR1: SIG_DFL, sa_mask[0]=00000000000000000000000000000000, sa_flags=none
SIGUSR2: [libjvm.dylib+0x4902a6], sa_mask[0]=00100000000000000000000000000000, sa_flags=SA_RESTART|SA_SIGINFO
SIGHUP: [libjvm.dylib+0x48e503], sa_mask[0]=11111111011111110111111111111111, sa_flags=SA_RESTART|SA_SIGINFO
SIGINT: [libjvm.dylib+0x48e503], sa_mask[0]=11111111011111110111111111111111, sa_flags=SA_RESTART|SA_SIGINFO
SIGTERM: [libjvm.dylib+0x48e503], sa_mask[0]=11111111011111110111111111111111, sa_flags=SA_RESTART|SA_SIGINFO
SIGQUIT: [libjvm.dylib+0x48e503], sa_mask[0]=11111111011111110111111111111111, sa_flags=SA_RESTART|SA_SIGINFO


---------------  S Y S T E M  ---------------

OS:Bsduname:Darwin 21.2.0 Darwin Kernel Version 21.2.0: Sun Nov 28 20:28:54 PST 2021; root:xnu-8019.61.5~1/RELEASE_X86_64 x86_64
rlimit: STACK 8192k, CORE 0k, NPROC 2784, NOFILE 10240, AS infinity
load average:2.87 2.71 2.40

CPU:total 8 (initial active 8) (4 cores per cpu, 2 threads per core) family 6 model 142 stepping 10, cmov, cx8, fxsr, mmx, sse, sse2, sse3, ssse3, sse4.1, sse4.2, popcnt, avx, avx2, aes, clmul, erms, 3dnowpref, lzcnt, ht, tsc, tscinvbit, bmi1, bmi2, adx

Memory: 4k page, physical 16777216k(202900k free)

/proc/meminfo:


vm_info: Java HotSpot(TM) 64-Bit Server VM (25.301-b09) for bsd-amd64 JRE (1.8.0_301-b09), built on Jun  9 2021 14:35:36 by "java_re" with gcc 4.2.1 Compatible Apple LLVM 11.0.0 (clang-1100.0.33.17)

time: Mon Jan  3 21:04:47 2022
timezone: IST
elapsed time: 15.290440 seconds (0d 0h 0m 15s)

